
Showing logs for build [32msalaboy-tickets-service-master-fk75l-28[0m stage [32mfrom-build-pack[0m and container [32mcredential-initializer[0m
{"level":"info","ts":1599723388.4940767,"caller":"creds-init/main.go:44","msg":"Credentials initialized."}

Showing logs for build [32msalaboy-tickets-service-master-fk75l-28[0m stage [32mfrom-build-pack[0m and container [32mworking-dir-initializer[0m

Showing logs for build [32msalaboy-tickets-service-master-fk75l-28[0m stage [32mfrom-build-pack[0m and container [32mplace-tools[0m

Showing logs for build [32msalaboy-tickets-service-master-fk75l-28[0m stage [32mfrom-build-pack[0m and container [32mstep-git-source-salaboy-tickets-service-master-fk75l-82pc7[0m
{"level":"info","ts":1599723397.3644745,"caller":"git/git.go:105","msg":"Successfully cloned https://github.com/*******/tickets-service.git @ v0.0.33 in path /workspace/source"}
{"level":"warn","ts":1599723397.365192,"caller":"git/git.go:152","msg":"Unexpected error: creating symlink: symlink /tekton/home/.ssh /root/.ssh: file exists"}
{"level":"info","ts":1599723397.4240296,"caller":"git/git.go:133","msg":"Successfully initialized and updated submodules in path /workspace/source"}

Showing logs for build [32msalaboy-tickets-service-master-fk75l-28[0m stage [32mfrom-build-pack[0m and container [32mstep-setup-builder-home[0m

Showing logs for build [32msalaboy-tickets-service-master-fk75l-28[0m stage [32mfrom-build-pack[0m and container [32mstep-git-merge[0m
Using SHAs from PULL_REFS=master:44421066266082b1e4cf0b28fe83601058ed1670
WARNING: no SHAs to merge, falling back to initial cloned commit

Showing logs for build [32msalaboy-tickets-service-master-fk75l-28[0m stage [32mfrom-build-pack[0m and container [32mstep-setup-jx-git-credentials[0m
Generated Git credentials file /workspace/xdg_config/git/credentials

Showing logs for build [32msalaboy-tickets-service-master-fk75l-28[0m stage [32mfrom-build-pack[0m and container [32mstep-build-mvn-deploy[0m
Picked up _JAVA_OPTIONS: -XX:+UnlockExperimentalVMOptions -Dsun.zip.disableMemoryMapping=true -XX:+UseParallelGC -XX:MinHeapFreeRatio=5 -XX:MaxHeapFreeRatio=10 -XX:GCTimeRatio=4 -XX:AdaptiveSizePolicyWeight=90 -Xms10m -Xmx192m
[INFO] Scanning for projects...
[INFO] 
[INFO] ----------------< com.*******.tickets:tickets-service >-----------------
[INFO] Building tickets-service 0.0.33
[INFO] --------------------------------[ jar ]---------------------------------
[INFO] 
[INFO] --- maven-clean-plugin:3.1.0:clean (default-clean) @ tickets-service ---
[INFO] 
[INFO] --- maven-resources-plugin:3.1.0:resources (default-resources) @ tickets-service ---
[INFO] Using 'UTF-8' encoding to copy filtered resources.
[INFO] Copying 1 resource
[INFO] Copying 0 resource
[INFO] 
[INFO] --- maven-compiler-plugin:3.8.1:compile (default-compile) @ tickets-service ---
[INFO] Changes detected - recompiling the module!
[INFO] Compiling 3 source files to /workspace/source/target/classes
[INFO] 
[INFO] --- maven-resources-plugin:3.1.0:testResources (default-testResources) @ tickets-service ---
[INFO] Using 'UTF-8' encoding to copy filtered resources.
[INFO] skip non existing resourceDirectory /workspace/source/src/test/resources
[INFO] 
[INFO] --- maven-compiler-plugin:3.8.1:testCompile (default-testCompile) @ tickets-service ---
[INFO] Changes detected - recompiling the module!
[INFO] Compiling 1 source file to /workspace/source/target/test-classes
[INFO] 
[INFO] --- maven-surefire-plugin:3.0.0-M1:test (default-test) @ tickets-service ---
[INFO] 
[INFO] -------------------------------------------------------
[INFO]  T E S T S
[INFO] -------------------------------------------------------
[INFO] Running com.*******.tickets.service.TicketsServiceApplicationTests
07:37:15.339 [main] DEBUG org.springframework.test.context.BootstrapUtils - Instantiating CacheAwareContextLoaderDelegate from class [org.springframework.test.context.cache.DefaultCacheAwareContextLoaderDelegate]
07:37:15.386 [main] DEBUG org.springframework.test.context.BootstrapUtils - Instantiating BootstrapContext using constructor [public org.springframework.test.context.support.DefaultBootstrapContext(java.lang.Class,org.springframework.test.context.CacheAwareContextLoaderDelegate)]
07:37:15.474 [main] DEBUG org.springframework.test.context.BootstrapUtils - Instantiating TestContextBootstrapper for test class [com.*******.tickets.service.TicketsServiceApplicationTests] from class [org.springframework.boot.test.context.SpringBootTestContextBootstrapper]
07:37:15.519 [main] INFO org.springframework.boot.test.context.SpringBootTestContextBootstrapper - Neither @ContextConfiguration nor @ContextHierarchy found for test class [com.*******.tickets.service.TicketsServiceApplicationTests], using SpringBootContextLoader
07:37:15.539 [main] DEBUG org.springframework.test.context.support.AbstractContextLoader - Did not detect default resource location for test class [com.*******.tickets.service.TicketsServiceApplicationTests]: class path resource [com/*******/tickets/service/TicketsServiceApplicationTests-context.xml] does not exist
07:37:15.548 [main] DEBUG org.springframework.test.context.support.AbstractContextLoader - Did not detect default resource location for test class [com.*******.tickets.service.TicketsServiceApplicationTests]: class path resource [com/*******/tickets/service/TicketsServiceApplicationTestsContext.groovy] does not exist
07:37:15.558 [main] INFO org.springframework.test.context.support.AbstractContextLoader - Could not detect default resource locations for test class [com.*******.tickets.service.TicketsServiceApplicationTests]: no resource found for suffixes {-context.xml, Context.groovy}.
07:37:15.564 [main] INFO org.springframework.test.context.support.AnnotationConfigContextLoaderUtils - Could not detect default configuration classes for test class [com.*******.tickets.service.TicketsServiceApplicationTests]: TicketsServiceApplicationTests does not declare any static, non-private, non-final, nested classes annotated with @Configuration.
07:37:15.675 [main] DEBUG org.springframework.test.context.support.ActiveProfilesUtils - Could not find an 'annotation declaring class' for annotation type [org.springframework.test.context.ActiveProfiles] and class [com.*******.tickets.service.TicketsServiceApplicationTests]
07:37:15.934 [main] DEBUG org.springframework.context.annotation.ClassPathScanningCandidateComponentProvider - Identified candidate component class: file [/workspace/source/target/classes/com/*******/tickets/service/TicketsServiceApplication.class]
07:37:15.949 [main] INFO org.springframework.boot.test.context.SpringBootTestContextBootstrapper - Found @SpringBootConfiguration com.*******.tickets.service.TicketsServiceApplication for test class com.*******.tickets.service.TicketsServiceApplicationTests
07:37:16.275 [main] DEBUG org.springframework.boot.test.context.SpringBootTestContextBootstrapper - @TestExecutionListeners is not present for class [com.*******.tickets.service.TicketsServiceApplicationTests]: using defaults.
07:37:16.284 [main] INFO org.springframework.boot.test.context.SpringBootTestContextBootstrapper - Loaded default TestExecutionListener class names from location [META-INF/spring.factories]: [org.springframework.boot.test.mock.mockito.MockitoTestExecutionListener, org.springframework.boot.test.mock.mockito.ResetMocksTestExecutionListener, org.springframework.boot.test.autoconfigure.restdocs.RestDocsTestExecutionListener, org.springframework.boot.test.autoconfigure.web.client.MockRestServiceServerResetTestExecutionListener, org.springframework.boot.test.autoconfigure.web.servlet.MockMvcPrintOnlyOnFailureTestExecutionListener, org.springframework.boot.test.autoconfigure.web.servlet.WebDriverTestExecutionListener, org.springframework.test.context.web.ServletTestExecutionListener, org.springframework.test.context.support.DirtiesContextBeforeModesTestExecutionListener, org.springframework.test.context.support.DependencyInjectionTestExecutionListener, org.springframework.test.context.support.DirtiesContextTestExecutionListener, org.springframework.test.context.transaction.TransactionalTestExecutionListener, org.springframework.test.context.jdbc.SqlScriptsTestExecutionListener, org.springframework.test.context.event.EventPublishingTestExecutionListener]
07:37:16.325 [main] DEBUG org.springframework.boot.test.context.SpringBootTestContextBootstrapper - Skipping candidate TestExecutionListener [org.springframework.test.context.web.ServletTestExecutionListener] due to a missing dependency. Specify custom listener classes or make the default listener classes and their required dependencies available. Offending class: [javax/servlet/ServletContext]
07:37:16.337 [main] DEBUG org.springframework.boot.test.context.SpringBootTestContextBootstrapper - Skipping candidate TestExecutionListener [org.springframework.test.context.transaction.TransactionalTestExecutionListener] due to a missing dependency. Specify custom listener classes or make the default listener classes and their required dependencies available. Offending class: [org/springframework/transaction/TransactionDefinition]
07:37:16.346 [main] DEBUG org.springframework.boot.test.context.SpringBootTestContextBootstrapper - Skipping candidate TestExecutionListener [org.springframework.test.context.jdbc.SqlScriptsTestExecutionListener] due to a missing dependency. Specify custom listener classes or make the default listener classes and their required dependencies available. Offending class: [org/springframework/transaction/interceptor/TransactionAttribute]
07:37:16.354 [main] INFO org.springframework.boot.test.context.SpringBootTestContextBootstrapper - Using TestExecutionListeners: [org.springframework.test.context.support.DirtiesContextBeforeModesTestExecutionListener@2e8e8225, org.springframework.boot.test.mock.mockito.MockitoTestExecutionListener@6ebf0f36, org.springframework.boot.test.autoconfigure.SpringBootDependencyInjectionTestExecutionListener@18920cc, org.springframework.test.context.support.DirtiesContextTestExecutionListener@2807bdeb, org.springframework.test.context.event.EventPublishingTestExecutionListener@72c28d64, org.springframework.boot.test.mock.mockito.ResetMocksTestExecutionListener@6492fab5, org.springframework.boot.test.autoconfigure.restdocs.RestDocsTestExecutionListener@2c5529ab, org.springframework.boot.test.autoconfigure.web.client.MockRestServiceServerResetTestExecutionListener@39a8312f, org.springframework.boot.test.autoconfigure.web.servlet.MockMvcPrintOnlyOnFailureTestExecutionListener@5f6722d3, org.springframework.boot.test.autoconfigure.web.servlet.WebDriverTestExecutionListener@2c532cd8]
07:37:16.381 [main] DEBUG org.springframework.test.context.support.AbstractDirtiesContextTestExecutionListener - Before test class: context [DefaultTestContext@2072acb2 testClass = TicketsServiceApplicationTests, testInstance = [null], testMethod = [null], testException = [null], mergedContextConfiguration = [ReactiveWebMergedContextConfiguration@50ecde95 testClass = TicketsServiceApplicationTests, locations = '{}', classes = '{class com.*******.tickets.service.TicketsServiceApplication}', contextInitializerClasses = '[]', activeProfiles = '{}', propertySourceLocations = '{}', propertySourceProperties = '{org.springframework.boot.test.context.SpringBootTestContextBootstrapper=true}', contextCustomizers = set[org.springframework.boot.test.context.filter.ExcludeFilterContextCustomizer@9816741, org.springframework.boot.test.json.DuplicateJsonObjectContextCustomizerFactory$DuplicateJsonObjectContextCustomizer@565f390, org.springframework.boot.test.mock.mockito.MockitoContextCustomizer@0, org.springframework.boot.test.web.client.TestRestTemplateContextCustomizer@24959ca4, org.springframework.boot.test.web.reactive.server.WebTestClientContextCustomizer@2438dcd, org.springframework.boot.test.autoconfigure.properties.PropertyMappingContextCustomizer@0, org.springframework.boot.test.autoconfigure.web.servlet.WebDriverContextCustomizerFactory$Customizer@18317edc], contextLoader = 'org.springframework.boot.test.context.SpringBootContextLoader', parent = [null]], attributes = map[[empty]]], class annotated with @DirtiesContext [false] with mode [null].
07:37:16.443 [main] DEBUG org.springframework.test.context.support.DependencyInjectionTestExecutionListener - Performing dependency injection for test context [[DefaultTestContext@2072acb2 testClass = TicketsServiceApplicationTests, testInstance = com.*******.tickets.service.TicketsServiceApplicationTests@77a7cf58, testMethod = [null], testException = [null], mergedContextConfiguration = [ReactiveWebMergedContextConfiguration@50ecde95 testClass = TicketsServiceApplicationTests, locations = '{}', classes = '{class com.*******.tickets.service.TicketsServiceApplication}', contextInitializerClasses = '[]', activeProfiles = '{}', propertySourceLocations = '{}', propertySourceProperties = '{org.springframework.boot.test.context.SpringBootTestContextBootstrapper=true}', contextCustomizers = set[org.springframework.boot.test.context.filter.ExcludeFilterContextCustomizer@9816741, org.springframework.boot.test.json.DuplicateJsonObjectContextCustomizerFactory$DuplicateJsonObjectContextCustomizer@565f390, org.springframework.boot.test.mock.mockito.MockitoContextCustomizer@0, org.springframework.boot.test.web.client.TestRestTemplateContextCustomizer@24959ca4, org.springframework.boot.test.web.reactive.server.WebTestClientContextCustomizer@2438dcd, org.springframework.boot.test.autoconfigure.properties.PropertyMappingContextCustomizer@0, org.springframework.boot.test.autoconfigure.web.servlet.WebDriverContextCustomizerFactory$Customizer@18317edc], contextLoader = 'org.springframework.boot.test.context.SpringBootContextLoader', parent = [null]], attributes = map[[empty]]]].
07:37:16.556 [main] DEBUG org.springframework.test.context.support.TestPropertySourceUtils - Adding inlined properties to environment: {spring.jmx.enabled=false, org.springframework.boot.test.context.SpringBootTestContextBootstrapper=true, server.port=-1}

  .   ____          _            __ _ _
 /\\ / ___'_ __ _ _(_)_ __  __ _ \ \ \ \
( ( )\___ | '_ | '_| | '_ \/ _` | \ \ \ \
 \\/  ___)| |_)| | | | | || (_| |  ) ) ) )
  '  |____| .__|_| |_|_| |_\__, | / / / /
 =========|_|==============|___/=/_/_/_/
 :: Spring Boot ::        (v2.2.6.RELEASE)

2020-09-10 07:37:17.286  INFO 68 --- [           main] c.s.t.s.TicketsServiceApplicationTests   : Starting TicketsServiceApplicationTests on *******-tickets-service-master-fk75l-28-from-build-pack-z-gtzx4 with PID 68 (started by root in /workspace/source)
2020-09-10 07:37:17.295  INFO 68 --- [           main] c.s.t.s.TicketsServiceApplicationTests   : No active profile set, falling back to default profiles: default
2020-09-10 07:37:20.834  INFO 68 --- [           main] c.s.t.service.TicketsServiceApplication  : > PaymentChecker Init!
2020-09-10 07:37:20.851  INFO 68 --- [ paymentChecker] c.s.t.service.TicketsServiceApplication  : The Payment Checker queue is empty!
2020-09-10 07:37:24.172  INFO 68 --- [           main] o.s.b.a.e.web.EndpointLinksResolver      : Exposing 2 endpoint(s) beneath base path '/actuator'
2020-09-10 07:37:26.092  INFO 68 --- [           main] c.s.t.s.TicketsServiceApplicationTests   : Started TicketsServiceApplicationTests in 9.509 seconds (JVM running for 13.252)
[INFO] Tests run: 1, Failures: 0, Errors: 0, Skipped: 0, Time elapsed: 12.042 s - in com.*******.tickets.service.TicketsServiceApplicationTests
[INFO] 
[INFO] Results:
[INFO] 
[INFO] Tests run: 1, Failures: 0, Errors: 0, Skipped: 0
[INFO] 
[INFO] 
[INFO] --- maven-jar-plugin:3.1.2:jar (default-jar) @ tickets-service ---
[INFO] Building jar: /workspace/source/target/tickets-service-0.0.33.jar
[INFO] 
[INFO] --- spring-boot-maven-plugin:2.2.6.RELEASE:repackage (repackage) @ tickets-service ---
[INFO] Replacing main artifact with repackaged archive
[INFO] 
[INFO] --- maven-install-plugin:2.5.2:install (default-install) @ tickets-service ---
[INFO] Installing /workspace/source/target/tickets-service-0.0.33.jar to /home/jenkins/.mvnrepository/com/*******/tickets/tickets-service/0.0.33/tickets-service-0.0.33.jar
[INFO] Installing /workspace/source/pom.xml to /home/jenkins/.mvnrepository/com/*******/tickets/tickets-service/0.0.33/tickets-service-0.0.33.pom
[INFO] 
[INFO] --- maven-deploy-plugin:2.8.2:deploy (default-deploy) @ tickets-service ---
[INFO] Using alternate deployment repository local-nexus::default::http://nexus/repository/maven-releases/
[INFO] ------------------------------------------------------------------------
[INFO] BUILD SUCCESS
[INFO] ------------------------------------------------------------------------
[INFO] Total time:  50.160 s
[INFO] Finished at: 2020-09-10T07:37:34Z
[INFO] ------------------------------------------------------------------------

Showing logs for build [32msalaboy-tickets-service-master-fk75l-28[0m stage [32mfrom-build-pack[0m and container [32mstep-build-skaffold-version[0m
v1.0.1

Showing logs for build [32msalaboy-tickets-service-master-fk75l-28[0m stage [32mfrom-build-pack[0m and container [32mstep-build-container-build[0m
E0910 07:37:37.126633       9 aws_credentials.go:77] while getting AWS credentials NoCredentialProviders: no valid providers in chain. Deprecated.
	For verbose messaging see aws.Config.CredentialsChainVerboseErrors
[36mINFO[0m[0002] Using dockerignore file: /workspace/source/.dockerignore 
[36mINFO[0m[0002] Retrieving image manifest openjdk:11-jre-slim 
E0910 07:37:38.368431       9 metadata.go:154] while reading 'google-dockercfg' metadata: http status code: 404 while fetching url http://metadata.google.internal./computeMetadata/v1/instance/attributes/google-dockercfg
E0910 07:37:38.372188       9 metadata.go:166] while reading 'google-dockercfg-url' metadata: http status code: 404 while fetching url http://metadata.google.internal./computeMetadata/v1/instance/attributes/google-dockercfg-url
[36mINFO[0m[0003] Retrieving image manifest openjdk:11-jre-slim 
[36mINFO[0m[0005] Built cross stage deps: map[]                
[36mINFO[0m[0005] Retrieving image manifest openjdk:11-jre-slim 
[36mINFO[0m[0006] Retrieving image manifest openjdk:11-jre-slim 
[36mINFO[0m[0006] Executing 0 build triggers                   
[36mINFO[0m[0006] cmd: EXPOSE                                  
[36mINFO[0m[0006] Adding exposed port: 8080/tcp                
[36mINFO[0m[0006] Resolving srcs [pom.xml target/lib*]...      
[36mINFO[0m[0006] Checking for cached layer gcr.io/camunda-researchanddevelopment/cache:55a506a2b529fe00ce73473cc46e0e8b906b7d8c017a0482ff7886dc2d93582b... 
[36mINFO[0m[0007] No cached layer found for cmd COPY pom.xml target/lib* /opt/lib/ 
[36mINFO[0m[0007] Resolving srcs [target/*.jar]...             
[36mINFO[0m[0007] Unpacking rootfs as cmd COPY pom.xml target/lib* /opt/lib/ requires it. 
[36mINFO[0m[0012] ENV PORT 8080                                
[36mINFO[0m[0012] No files changed in this command, skipping snapshotting. 
[36mINFO[0m[0012] ENV CLASSPATH /opt/lib                       
[36mINFO[0m[0012] No files changed in this command, skipping snapshotting. 
[36mINFO[0m[0012] EXPOSE 8080                                  
[36mINFO[0m[0012] cmd: EXPOSE                                  
[36mINFO[0m[0012] Adding exposed port: 8080/tcp                
[36mINFO[0m[0012] No files changed in this command, skipping snapshotting. 
[36mINFO[0m[0012] Resolving srcs [pom.xml target/lib*]...      
[36mINFO[0m[0012] COPY pom.xml target/lib* /opt/lib/           
[36mINFO[0m[0012] Resolving srcs [pom.xml target/lib*]...      
[36mINFO[0m[0012] Resolving 1 paths                            
[36mINFO[0m[0012] Taking snapshot of files...                  
[36mINFO[0m[0012] Pushing layer gcr.io/camunda-researchanddevelopment/cache:55a506a2b529fe00ce73473cc46e0e8b906b7d8c017a0482ff7886dc2d93582b to cache now 
[36mINFO[0m[0012] Resolving srcs [target/*.jar]...             
[36mINFO[0m[0012] COPY target/*.jar /opt/app.jar               
[36mINFO[0m[0012] Resolving srcs [target/*.jar]...             
[36mINFO[0m[0012] Resolving 1 paths                            
[36mINFO[0m[0012] Taking snapshot of files...                  
[36mINFO[0m[0013] Pushing layer gcr.io/camunda-researchanddevelopment/cache:1f8cab3b712ef82755f65841fbc23493043e178f0c067572abcfbdfde5540229 to cache now 
[36mINFO[0m[0013] WORKDIR /opt                                 
[36mINFO[0m[0013] cmd: workdir                                 
[36mINFO[0m[0013] Changed working directory to /opt            
[36mINFO[0m[0013] No files changed in this command, skipping snapshotting. 
[36mINFO[0m[0013] CMD ["java", "-jar", "app.jar"]              
[36mINFO[0m[0013] No files changed in this command, skipping snapshotting. 

Showing logs for build [32msalaboy-tickets-service-master-fk75l-28[0m stage [32mfrom-build-pack[0m and container [32mstep-build-post-build[0m
no CVE provider running in the current ** namespace so skip adding image to be analysed

Showing logs for build [32msalaboy-tickets-service-master-fk75l-28[0m stage [32mfrom-build-pack[0m and container [32mstep-promote-changelog[0m
Converted /workspace/source/charts/tickets-service to an unshallow repository
Generating change log from git ref b09f5c8eec0aec4a046811fbcdfaaf38fc6f705c => 9b1a1bf84fde1b18e7a2090fa2365955206bcd4d
Associating user ******* in users.jenkins.io with email *******@gmail.com to git GitProvider user with login *******-2 as emails match
Adding label jenkins.io/git-github-userid=*******-2 to user ******* in users.jenkins.io
Associating user ******* in users.jenkins.io with email *******@gmail.com to git GitProvider user with login *******-2 as emails match
Adding label jenkins.io/git-github-userid=*******-2 to user ******* in users.jenkins.io
Finding issues in commit messages using git format
WARNING: No release found for *******/tickets-service and tag v0.0.33 so creating a new release
Updated the release information at https://github.com/*******/tickets-service/releases/tag/v0.0.33
generated: /workspace/source/charts/tickets-service/templates/release.yaml
Created Release tickets-service-0-0-33 resource in namespace **
Updating PipelineActivity *******-tickets-service-master-28 with version 0.0.33
Updated PipelineActivities *******-tickets-service-master-28 with release notes URL: https://github.com/*******/tickets-service/releases/tag/v0.0.33

Showing logs for build [32msalaboy-tickets-service-master-fk75l-28[0m stage [32mfrom-build-pack[0m and container [32mstep-promote-helm-release[0m
WARNING: No $CHART_REPOSITORY defined so using the default value of: http://jenkins-x-chartmuseum:8080
Adding missing Helm repo: storage.googleapis.com https://storage.googleapis.com/chartmuseum.jenkins-x.io
Successfully added Helm repository storage.googleapis.com.
Adding missing Helm repo: jenkins-x-chartmuseum http://jenkins-x-chartmuseum:8080
Successfully added Helm repository jenkins-x-chartmuseum.
WARNING: No $CHART_REPOSITORY defined so using the default value of: http://jenkins-x-chartmuseum:8080
Uploading chart file tickets-service-0.0.33.tgz to http://jenkins-x-chartmuseum:8080/api/charts
Received 201 response: {"saved":true}

Showing logs for build [32msalaboy-tickets-service-master-fk75l-28[0m stage [32mfrom-build-pack[0m and container [32mstep-promote-jx-promote[0m
WARNING: prow based install so skip waiting for the merge of Pull Requests to go green as currently there is an issue with gettingstatuses from the PR, see https://github.com/jenkins-x/**/issues/2410
WARNING: No $CHART_REPOSITORY defined so using the default value of: http://jenkins-x-chartmuseum:8080
Promoting app tickets-service version 0.0.33 to namespace **-staging
Created Pull Request: https://github.com/*******/environment-zeebe-helm-new-staging/pull/210
Added label updatebot to Pull Request https://github.com/*******/environment-zeebe-helm-new-staging/pull/210
got git provider status pending from PR https://github.com/*******/environment-zeebe-helm-new-staging/pull/210
got git provider status pending from PR https://github.com/*******/environment-zeebe-helm-new-staging/pull/210
Pull Request https://github.com/*******/environment-zeebe-helm-new-staging/pull/210 is merged at sha 8c28b28a7129b8fa8b20f30594589a1bf93eb244
Pull Request merged but we are not waiting for the update pipeline to complete!
